[2026-03-05T17:29:16.263Z] Starting fetchRecentEntanglements
[2026-03-05T17:29:16.290Z] No user found
[2026-03-05T17:30:43.051Z] Starting fetchRecentEntanglements (HARDCODED USER MODE)
[2026-03-05T17:30:43.054Z] Using HARDCODED User ID: 64f451cd-54db-44bd-814f-a91c1fc77f0a
[2026-03-05T17:30:43.288Z] Messages found: 0
[2026-03-05T17:30:43.541Z] allPeerIds: []
[2026-03-05T17:30:43.542Z] No peer IDs found
[2026-03-05T17:41:03.190Z] Starting fetchRecentEntanglements (HARDCODED USER MODE)
[2026-03-05T17:41:03.198Z] Using HARDCODED User ID: 64f451cd-54db-44bd-814f-a91c1fc77f0a
[2026-03-05T17:41:03.698Z] Starting fetchRecentEntanglements (HARDCODED USER MODE)
[2026-03-05T17:41:03.701Z] Using HARDCODED User ID: 64f451cd-54db-44bd-814f-a91c1fc77f0a
[2026-03-05T17:44:45.696Z] Starting fetchRecentEntanglements (HARDCODED USER MODE)
[2026-03-05T17:44:45.699Z] Using HARDCODED User ID: 64f451cd-54db-44bd-814f-a91c1fc77f0a
[2026-03-05T17:47:38.236Z] Starting fetchRecentEntanglements (HARDCODED USER MODE)
[2026-03-05T17:47:38.242Z] Using HARDCODED User ID: 64f451cd-54db-44bd-814f-a91c1fc77f0a
[2026-03-05T17:47:39.089Z] Starting fetchRecentEntanglements (HARDCODED USER MODE)
[2026-03-05T17:47:39.094Z] Using HARDCODED User ID: 64f451cd-54db-44bd-814f-a91c1fc77f0a
[2026-03-05T17:47:42.829Z] Starting fetchRecentEntanglements (HARDCODED USER MODE)
[2026-03-05T17:47:42.834Z] Using HARDCODED User ID: 64f451cd-54db-44bd-814f-a91c1fc77f0a
[2026-03-05T17:47:43.723Z] Starting fetchRecentEntanglements (HARDCODED USER MODE)
[2026-03-05T17:47:43.726Z] Using HARDCODED User ID: 64f451cd-54db-44bd-814f-a91c1fc77f0a
[2026-03-05T17:47:58.841Z] Starting fetchRecentEntanglements (HARDCODED USER MODE)
[2026-03-05T17:47:58.844Z] Using HARDCODED User ID: 64f451cd-54db-44bd-814f-a91c1fc77f0a
[2026-03-05T17:47:59.923Z] Starting fetchRecentEntanglements (HARDCODED USER MODE)
[2026-03-05T17:47:59.924Z] Using HARDCODED User ID: 64f451cd-54db-44bd-814f-a91c1fc77f0a
[2026-03-05T17:48:00.687Z] Starting fetchRecentEntanglements (HARDCODED USER MODE)
[2026-03-05T17:48:00.690Z] Using HARDCODED User ID: 64f451cd-54db-44bd-814f-a91c1fc77f0a
[2026-03-05T17:48:00.747Z] Starting fetchRecentEntanglements (HARDCODED USER MODE)
[2026-03-05T17:48:00.749Z] Using HARDCODED User ID: 64f451cd-54db-44bd-814f-a91c1fc77f0a
[2026-03-05T17:50:47.508Z] Starting fetchRecentEntanglements (HARDCODED USER MODE)
[2026-03-05T17:50:47.516Z] Using HARDCODED User ID: 64f451cd-54db-44bd-814f-a91c1fc77f0a
[2026-03-05T17:50:48.477Z] Starting fetchRecentEntanglements (HARDCODED USER MODE)
[2026-03-05T17:50:48.486Z] Using HARDCODED User ID: 64f451cd-54db-44bd-814f-a91c1fc77f0a
[2026-03-05T17:50:53.077Z] Starting fetchRecentEntanglements (HARDCODED USER MODE)
[2026-03-05T17:50:53.080Z] Using HARDCODED User ID: 64f451cd-54db-44bd-814f-a91c1fc77f0a
[2026-03-05T17:51:01.907Z] Starting fetchRecentEntanglements (HARDCODED USER MODE)
[2026-03-05T17:51:01.912Z] Using HARDCODED User ID: 64f451cd-54db-44bd-814f-a91c1fc77f0a
[2026-03-05T17:51:19.830Z] Starting fetchRecentEntanglements (HARDCODED USER MODE)
[2026-03-05T17:51:19.833Z] Using HARDCODED User ID: 64f451cd-54db-44bd-814f-a91c1fc77f0a
[2026-03-05T17:52:17.918Z] Starting fetchRecentEntanglements (HARDCODED USER MODE)
[2026-03-05T17:52:17.937Z] Using HARDCODED User ID: 64f451cd-54db-44bd-814f-a91c1fc77f0a
[2026-03-05T17:52:18.966Z] Starting fetchRecentEntanglements (HARDCODED USER MODE)
[2026-03-05T17:52:18.972Z] Using HARDCODED User ID: 64f451cd-54db-44bd-814f-a91c1fc77f0a
[2026-03-05T17:52:20.952Z] Starting fetchRecentEntanglements (HARDCODED USER MODE)
[2026-03-05T17:52:20.968Z] Using HARDCODED User ID: 64f451cd-54db-44bd-814f-a91c1fc77f0a
[2026-03-05T17:52:30.493Z] Starting fetchRecentEntanglements (HARDCODED USER MODE)
[2026-03-05T17:52:30.496Z] Using HARDCODED User ID: 64f451cd-54db-44bd-814f-a91c1fc77f0a
[2026-03-05T17:53:17.334Z] Starting fetchRecentEntanglements (HARDCODED USER MODE)
[2026-03-05T17:53:17.337Z] Using HARDCODED User ID: 64f451cd-54db-44bd-814f-a91c1fc77f0a
[2026-03-05T17:53:18.166Z] Starting fetchRecentEntanglements (HARDCODED USER MODE)
[2026-03-05T17:53:18.174Z] Using HARDCODED User ID: 64f451cd-54db-44bd-814f-a91c1fc77f0a
[2026-03-05T17:54:26.200Z] Starting fetchRecentEntanglements (HARDCODED USER MODE)
[2026-03-05T17:54:26.203Z] Using HARDCODED User ID: 64f451cd-54db-44bd-814f-a91c1fc77f0a
[2026-03-05T17:54:27.037Z] Starting fetchRecentEntanglements (HARDCODED USER MODE)
[2026-03-05T17:54:27.043Z] Using HARDCODED User ID: 64f451cd-54db-44bd-814f-a91c1fc77f0a
[2026-03-05T17:54:35.466Z] Starting fetchRecentEntanglements (HARDCODED USER MODE)
[2026-03-05T17:54:35.470Z] Using HARDCODED User ID: 64f451cd-54db-44bd-814f-a91c1fc77f0a
[2026-03-05T17:54:36.299Z] Starting fetchRecentEntanglements (HARDCODED USER MODE)
[2026-03-05T17:54:36.305Z] Using HARDCODED User ID: 64f451cd-54db-44bd-814f-a91c1fc77f0a
[2026-03-05T17:55:10.531Z] Starting fetchRecentEntanglements (HARDCODED USER MODE)
[2026-03-05T17:55:10.533Z] Using HARDCODED User ID: 64f451cd-54db-44bd-814f-a91c1fc77f0a
[2026-03-05T17:55:11.331Z] Starting fetchRecentEntanglements (HARDCODED USER MODE)
[2026-03-05T17:55:11.333Z] Using HARDCODED User ID: 64f451cd-54db-44bd-814f-a91c1fc77f0a
[2026-03-05T17:55:44.618Z] Starting fetchRecentEntanglements (HARDCODED USER MODE)
[2026-03-05T17:55:44.620Z] Using HARDCODED User ID: 64f451cd-54db-44bd-814f-a91c1fc77f0a
[2026-03-05T17:55:45.457Z] Starting fetchRecentEntanglements (HARDCODED USER MODE)
[2026-03-05T17:55:45.461Z] Using HARDCODED User ID: 64f451cd-54db-44bd-814f-a91c1fc77f0a
[2026-03-05T17:56:14.285Z] Starting fetchRecentEntanglements (HARDCODED USER MODE)
[2026-03-05T17:56:14.290Z] Using HARDCODED User ID: 64f451cd-54db-44bd-814f-a91c1fc77f0a
[2026-03-05T17:56:15.132Z] Starting fetchRecentEntanglements (HARDCODED USER MODE)
[2026-03-05T17:56:15.139Z] Using HARDCODED User ID: 64f451cd-54db-44bd-814f-a91c1fc77f0a
[2026-03-05T17:59:54.540Z] Starting fetchRecentEntanglements (HARDCODED USER MODE)
[2026-03-05T17:59:54.545Z] Using HARDCODED User ID: 64f451cd-54db-44bd-814f-a91c1fc77f0a
[2026-03-05T17:59:55.448Z] Starting fetchRecentEntanglements (HARDCODED USER MODE)
[2026-03-05T17:59:55.454Z] Using HARDCODED User ID: 64f451cd-54db-44bd-814f-a91c1fc77f0a
[2026-03-05T18:03:44.157Z] Starting fetchRecentEntanglements (HARDCODED USER MODE)
[2026-03-05T18:03:44.165Z] Using HARDCODED User ID: 64f451cd-54db-44bd-814f-a91c1fc77f0a
[2026-03-05T18:03:45.027Z] Starting fetchRecentEntanglements (HARDCODED USER MODE)
[2026-03-05T18:03:45.030Z] Using HARDCODED User ID: 64f451cd-54db-44bd-814f-a91c1fc77f0a
[2026-03-05T18:18:07.489Z] Starting fetchRecentEntanglements (HARDCODED USER MODE)
[2026-03-05T18:18:07.504Z] Using HARDCODED User ID: 64f451cd-54db-44bd-814f-a91c1fc77f0a
[2026-03-05T18:41:34.825Z] Starting fetchRecentEntanglements (HARDCODED USER MODE)
[2026-03-05T18:41:34.827Z] Using HARDCODED User ID: 64f451cd-54db-44bd-814f-a91c1fc77f0a
[2026-03-05T18:41:40.192Z] Starting fetchRecentEntanglements (HARDCODED USER MODE)
[2026-03-05T18:41:40.213Z] Using HARDCODED User ID: 64f451cd-54db-44bd-814f-a91c1fc77f0a
[2026-03-05T18:41:45.657Z] Starting fetchRecentEntanglements (HARDCODED USER MODE)
[2026-03-05T18:41:45.665Z] Using HARDCODED User ID: 64f451cd-54db-44bd-814f-a91c1fc77f0a
[2026-03-05T18:52:53.027Z] Starting fetchRecentEntanglements (HARDCODED USER MODE)
[2026-03-05T18:52:53.031Z] Using HARDCODED User ID: 64f451cd-54db-44bd-814f-a91c1fc77f0a
[2026-03-05T18:52:57.886Z] Starting fetchRecentEntanglements (HARDCODED USER MODE)
[2026-03-05T18:52:57.904Z] Using HARDCODED User ID: 64f451cd-54db-44bd-814f-a91c1fc77f0a
[2026-03-05T18:56:04.888Z] Starting fetchRecentEntanglements (HARDCODED USER MODE)
[2026-03-05T18:56:04.891Z] Using HARDCODED User ID: 64f451cd-54db-44bd-814f-a91c1fc77f0a
[2026-03-05T18:56:08.407Z] Starting fetchRecentEntanglements (HARDCODED USER MODE)
[2026-03-05T18:56:08.412Z] Using HARDCODED User ID: 64f451cd-54db-44bd-814f-a91c1fc77f0a
[2026-03-05T19:03:27.833Z] Starting fetchRecentEntanglements (HARDCODED USER MODE)
[2026-03-05T19:03:27.836Z] Using HARDCODED User ID: 64f451cd-54db-44bd-814f-a91c1fc77f0a
[2026-03-05T19:03:37.342Z] Starting fetchRecentEntanglements (HARDCODED USER MODE)
[2026-03-05T19:03:37.357Z] Using HARDCODED User ID: 64f451cd-54db-44bd-814f-a91c1fc77f0a
[2026-03-05T19:05:57.244Z] Starting fetchRecentEntanglements (HARDCODED USER MODE)
[2026-03-05T19:05:57.250Z] Using HARDCODED User ID: 64f451cd-54db-44bd-814f-a91c1fc77f0a
[2026-03-05T19:06:33.487Z] Starting fetchRecentEntanglements (HARDCODED USER MODE)
[2026-03-05T19:06:33.493Z] Using HARDCODED User ID: 64f451cd-54db-44bd-814f-a91c1fc77f0a
[2026-03-05T19:06:37.807Z] Starting fetchRecentEntanglements (HARDCODED USER MODE)
[2026-03-05T19:06:37.813Z] Using HARDCODED User ID: 64f451cd-54db-44bd-814f-a91c1fc77f0a
[2026-03-05T19:13:57.843Z] Starting fetchRecentEntanglements (HARDCODED USER MODE)
[2026-03-05T19:13:58.040Z] Using HARDCODED User ID: 64f451cd-54db-44bd-814f-a91c1fc77f0a
[2026-03-05T19:14:01.554Z] Starting fetchRecentEntanglements (HARDCODED USER MODE)
[2026-03-05T19:14:01.569Z] Using HARDCODED User ID: 64f451cd-54db-44bd-814f-a91c1fc77f0a
[2026-03-05T19:17:56.963Z] Starting fetchRecentEntanglements (HARDCODED USER MODE)
[2026-03-05T19:17:57.000Z] Using HARDCODED User ID: 64f451cd-54db-44bd-814f-a91c1fc77f0a
[2026-03-05T19:18:05.147Z] Starting fetchRecentEntanglements (HARDCODED USER MODE)
[2026-03-05T19:18:05.149Z] Using HARDCODED User ID: 64f451cd-54db-44bd-814f-a91c1fc77f0a
[2026-03-05T19:18:08.540Z] Starting fetchRecentEntanglements (HARDCODED USER MODE)
[2026-03-05T19:18:08.542Z] Using HARDCODED User ID: 64f451cd-54db-44bd-814f-a91c1fc77f0a
[2026-03-05T19:20:18.041Z] Starting fetchRecentEntanglements (HARDCODED USER MODE)
[2026-03-05T19:20:18.045Z] Using HARDCODED User ID: 64f451cd-54db-44bd-814f-a91c1fc77f0a
[2026-03-05T19:20:34.387Z] Starting fetchRecentEntanglements (HARDCODED USER MODE)
[2026-03-05T19:20:34.393Z] Using HARDCODED User ID: 64f451cd-54db-44bd-814f-a91c1fc77f0a
[2026-03-05T19:20:38.365Z] Starting fetchRecentEntanglements (HARDCODED USER MODE)
[2026-03-05T19:20:38.367Z] Using HARDCODED User ID: 64f451cd-54db-44bd-814f-a91c1fc77f0a
[2026-03-05T19:20:41.332Z] Starting fetchRecentEntanglements (HARDCODED USER MODE)
[2026-03-05T19:20:41.338Z] Using HARDCODED User ID: 64f451cd-54db-44bd-814f-a91c1fc77f0a
[2026-03-05T19:20:46.493Z] Starting fetchRecentEntanglements (HARDCODED USER MODE)
[2026-03-05T19:20:46.498Z] Using HARDCODED User ID: 64f451cd-54db-44bd-814f-a91c1fc77f0a
[2026-03-05T19:20:57.208Z] Starting fetchRecentEntanglements (HARDCODED USER MODE)
[2026-03-05T19:20:57.212Z] Using HARDCODED User ID: 64f451cd-54db-44bd-814f-a91c1fc77f0a
[2026-03-05T19:20:58.012Z] Starting fetchRecentEntanglements (HARDCODED USER MODE)
[2026-03-05T19:20:58.020Z] Using HARDCODED User ID: 64f451cd-54db-44bd-814f-a91c1fc77f0a
[2026-03-05T19:21:07.471Z] Starting fetchRecentEntanglements (HARDCODED USER MODE)
[2026-03-05T19:21:07.475Z] Using HARDCODED User ID: 64f451cd-54db-44bd-814f-a91c1fc77f0a
[2026-03-05T19:21:20.848Z] Starting fetchRecentEntanglements (HARDCODED USER MODE)
[2026-03-05T19:21:20.850Z] Using HARDCODED User ID: 64f451cd-54db-44bd-814f-a91c1fc77f0a
[2026-03-05T19:21:21.810Z] Starting fetchRecentEntanglements (HARDCODED USER MODE)
[2026-03-05T19:21:21.812Z] Using HARDCODED User ID: 64f451cd-54db-44bd-814f-a91c1fc77f0a
[2026-03-05T19:21:26.389Z] Starting fetchRecentEntanglements (HARDCODED USER MODE)
[2026-03-05T19:21:26.393Z] Using HARDCODED User ID: 64f451cd-54db-44bd-814f-a91c1fc77f0a
[2026-03-05T19:21:29.324Z] Starting fetchRecentEntanglements (HARDCODED USER MODE)
[2026-03-05T19:21:29.329Z] Using HARDCODED User ID: 64f451cd-54db-44bd-814f-a91c1fc77f0a
[2026-03-05T19:21:29.968Z] Starting fetchRecentEntanglements (HARDCODED USER MODE)
[2026-03-05T19:21:29.982Z] Using HARDCODED User ID: 64f451cd-54db-44bd-814f-a91c1fc77f0a
[2026-03-05T19:21:30.453Z] Starting fetchRecentEntanglements (HARDCODED USER MODE)
[2026-03-05T19:21:30.462Z] Using HARDCODED User ID: 64f451cd-54db-44bd-814f-a91c1fc77f0a
[2026-03-05T19:21:30.738Z] Starting fetchRecentEntanglements (HARDCODED USER MODE)
[2026-03-05T19:21:30.741Z] Using HARDCODED User ID: 64f451cd-54db-44bd-814f-a91c1fc77f0a
[2026-03-05T19:21:33.312Z] Starting fetchRecentEntanglements (HARDCODED USER MODE)
[2026-03-05T19:21:33.316Z] Using HARDCODED User ID: 64f451cd-54db-44bd-814f-a91c1fc77f0a
[2026-03-05T19:21:34.114Z] Starting fetchRecentEntanglements (HARDCODED USER MODE)
[2026-03-05T19:21:34.116Z] Using HARDCODED User ID: 64f451cd-54db-44bd-814f-a91c1fc77f0a
[2026-03-05T19:22:52.511Z] Starting fetchRecentEntanglements (HARDCODED USER MODE)
[2026-03-05T19:22:52.522Z] Using HARDCODED User ID: 64f451cd-54db-44bd-814f-a91c1fc77f0a
[2026-03-05T19:22:56.316Z] Starting fetchRecentEntanglements (HARDCODED USER MODE)
[2026-03-05T19:22:56.320Z] Using HARDCODED User ID: 64f451cd-54db-44bd-814f-a91c1fc77f0a
[2026-03-05T19:36:45.836Z] Starting fetchRecentEntanglements (HARDCODED USER MODE)
[2026-03-05T19:36:45.840Z] Using HARDCODED User ID: 64f451cd-54db-44bd-814f-a91c1fc77f0a
[2026-03-05T19:36:46.678Z] Starting fetchRecentEntanglements (HARDCODED USER MODE)
[2026-03-05T19:36:46.681Z] Using HARDCODED User ID: 64f451cd-54db-44bd-814f-a91c1fc77f0a
[2026-03-05T19:36:54.185Z] Starting fetchRecentEntanglements (HARDCODED USER MODE)
[2026-03-05T19:36:54.196Z] Using HARDCODED User ID: 64f451cd-54db-44bd-814f-a91c1fc77f0a
[2026-03-05T19:37:19.974Z] Starting fetchRecentEntanglements (HARDCODED USER MODE)
[2026-03-05T19:37:19.976Z] Using HARDCODED User ID: 64f451cd-54db-44bd-814f-a91c1fc77f0a
[2026-03-05T19:37:23.696Z] Starting fetchRecentEntanglements (HARDCODED USER MODE)
[2026-03-05T19:37:23.703Z] Using HARDCODED User ID: 64f451cd-54db-44bd-814f-a91c1fc77f0a
[2026-03-05T21:10:03.400Z] Starting fetchRecentEntanglements (HARDCODED USER MODE)
[2026-03-05T21:10:03.438Z] Using HARDCODED User ID: 64f451cd-54db-44bd-814f-a91c1fc77f0a
[2026-03-05T21:10:04.331Z] Starting fetchRecentEntanglements (HARDCODED USER MODE)
[2026-03-05T21:10:04.333Z] Using HARDCODED User ID: 64f451cd-54db-44bd-814f-a91c1fc77f0a
[2026-03-05T21:16:05.425Z] Starting fetchRecentEntanglements (HARDCODED USER MODE)
[2026-03-05T21:16:05.427Z] Using HARDCODED User ID: 64f451cd-54db-44bd-814f-a91c1fc77f0a
[2026-03-05T21:16:06.505Z] Starting fetchRecentEntanglements (HARDCODED USER MODE)
[2026-03-05T21:16:06.507Z] Using HARDCODED User ID: 64f451cd-54db-44bd-814f-a91c1fc77f0a
[2026-03-05T21:19:03.920Z] Starting fetchRecentEntanglements (HARDCODED USER MODE)
[2026-03-05T21:19:03.922Z] Using HARDCODED User ID: 64f451cd-54db-44bd-814f-a91c1fc77f0a
[2026-03-05T21:19:05.517Z] Starting fetchRecentEntanglements (HARDCODED USER MODE)
[2026-03-05T21:19:05.526Z] Using HARDCODED User ID: 64f451cd-54db-44bd-814f-a91c1fc77f0a
[2026-03-05T21:19:06.836Z] Starting fetchRecentEntanglements (HARDCODED USER MODE)
[2026-03-05T21:19:06.838Z] Using HARDCODED User ID: 64f451cd-54db-44bd-814f-a91c1fc77f0a
[2026-03-05T21:19:07.073Z] Starting fetchRecentEntanglements (HARDCODED USER MODE)
[2026-03-05T21:19:07.081Z] Using HARDCODED User ID: 64f451cd-54db-44bd-814f-a91c1fc77f0a
[2026-03-05T21:19:08.380Z] Starting fetchRecentEntanglements (HARDCODED USER MODE)
[2026-03-05T21:19:08.384Z] Using HARDCODED User ID: 64f451cd-54db-44bd-814f-a91c1fc77f0a
[2026-03-05T21:19:14.888Z] Starting fetchRecentEntanglements (HARDCODED USER MODE)
[2026-03-05T21:19:14.894Z] Using HARDCODED User ID: 64f451cd-54db-44bd-814f-a91c1fc77f0a
[2026-03-05T21:19:15.954Z] Starting fetchRecentEntanglements (HARDCODED USER MODE)
[2026-03-05T21:19:15.999Z] Using HARDCODED User ID: 64f451cd-54db-44bd-814f-a91c1fc77f0a
[2026-03-05T21:19:17.306Z] Starting fetchRecentEntanglements (HARDCODED USER MODE)
[2026-03-05T21:19:17.309Z] Using HARDCODED User ID: 64f451cd-54db-44bd-814f-a91c1fc77f0a
[2026-03-05T21:19:18.104Z] Starting fetchRecentEntanglements (HARDCODED USER MODE)
[2026-03-05T21:19:18.114Z] Using HARDCODED User ID: 64f451cd-54db-44bd-814f-a91c1fc77f0a
[2026-03-05T21:19:21.280Z] Starting fetchRecentEntanglements (HARDCODED USER MODE)
[2026-03-05T21:19:21.287Z] Using HARDCODED User ID: 64f451cd-54db-44bd-814f-a91c1fc77f0a
[2026-03-05T21:19:22.052Z] Starting fetchRecentEntanglements (HARDCODED USER MODE)
[2026-03-05T21:19:22.055Z] Using HARDCODED User ID: 64f451cd-54db-44bd-814f-a91c1fc77f0a
[2026-03-05T21:19:26.412Z] Starting fetchRecentEntanglements (HARDCODED USER MODE)
[2026-03-05T21:19:26.416Z] Using HARDCODED User ID: 64f451cd-54db-44bd-814f-a91c1fc77f0a
[2026-03-05T21:19:27.367Z] Starting fetchRecentEntanglements (HARDCODED USER MODE)
[2026-03-05T21:19:27.369Z] Using HARDCODED User ID: 64f451cd-54db-44bd-814f-a91c1fc77f0a
[2026-03-05T21:19:32.018Z] Starting fetchRecentEntanglements (HARDCODED USER MODE)
[2026-03-05T21:19:32.020Z] Using HARDCODED User ID: 64f451cd-54db-44bd-814f-a91c1fc77f0a
[2026-03-05T21:19:32.986Z] Starting fetchRecentEntanglements (HARDCODED USER MODE)
[2026-03-05T21:19:32.990Z] Using HARDCODED User ID: 64f451cd-54db-44bd-814f-a91c1fc77f0a
[2026-03-05T21:19:34.532Z] Starting fetchRecentEntanglements (HARDCODED USER MODE)
[2026-03-05T21:19:34.535Z] Using HARDCODED User ID: 64f451cd-54db-44bd-814f-a91c1fc77f0a
[2026-03-05T21:19:35.072Z] Starting fetchRecentEntanglements (HARDCODED USER MODE)
[2026-03-05T21:19:35.074Z] Using HARDCODED User ID: 64f451cd-54db-44bd-814f-a91c1fc77f0a
[2026-03-05T21:19:35.819Z] Starting fetchRecentEntanglements (HARDCODED USER MODE)
[2026-03-05T21:19:35.821Z] Using HARDCODED User ID: 64f451cd-54db-44bd-814f-a91c1fc77f0a
[2026-03-05T21:19:35.853Z] Starting fetchRecentEntanglements (HARDCODED USER MODE)
[2026-03-05T21:19:35.855Z] Using HARDCODED User ID: 64f451cd-54db-44bd-814f-a91c1fc77f0a
[2026-03-05T21:19:39.150Z] Starting fetchRecentEntanglements (HARDCODED USER MODE)
[2026-03-05T21:19:39.155Z] Using HARDCODED User ID: 64f451cd-54db-44bd-814f-a91c1fc77f0a
[2026-03-05T21:19:39.577Z] Starting fetchRecentEntanglements (HARDCODED USER MODE)
[2026-03-05T21:19:39.579Z] Using HARDCODED User ID: 64f451cd-54db-44bd-814f-a91c1fc77f0a
[2026-03-05T21:19:40.532Z] Starting fetchRecentEntanglements (HARDCODED USER MODE)
[2026-03-05T21:19:40.534Z] Using HARDCODED User ID: 64f451cd-54db-44bd-814f-a91c1fc77f0a
[2026-03-05T21:19:40.891Z] Starting fetchRecentEntanglements (HARDCODED USER MODE)
[2026-03-05T21:19:40.894Z] Using HARDCODED User ID: 64f451cd-54db-44bd-814f-a91c1fc77f0a
[2026-03-05T21:19:42.887Z] Starting fetchRecentEntanglements (HARDCODED USER MODE)
[2026-03-05T21:19:42.891Z] Using HARDCODED User ID: 64f451cd-54db-44bd-814f-a91c1fc77f0a
[2026-03-05T21:19:43.710Z] Starting fetchRecentEntanglements (HARDCODED USER MODE)
[2026-03-05T21:19:43.722Z] Using HARDCODED User ID: 64f451cd-54db-44bd-814f-a91c1fc77f0a
[2026-03-05T21:22:32.097Z] Starting fetchRecentEntanglements (HARDCODED USER MODE)
[2026-03-05T21:22:32.101Z] Using HARDCODED User ID: 64f451cd-54db-44bd-814f-a91c1fc77f0a
[2026-03-05T21:22:33.033Z] Starting fetchRecentEntanglements (HARDCODED USER MODE)
[2026-03-05T21:22:33.042Z] Using HARDCODED User ID: 64f451cd-54db-44bd-814f-a91c1fc77f0a
[2026-03-05T21:22:34.438Z] Starting fetchRecentEntanglements (HARDCODED USER MODE)
[2026-03-05T21:22:34.444Z] Using HARDCODED User ID: 64f451cd-54db-44bd-814f-a91c1fc77f0a
